STEP translation to Solid Edge
Date: Saturday,August 24,2019 03:46PM
Source File: D:\Project\RAPTOR\mechanical\Phoenix\ServoMount\SingleServoMount\FutabaS3003\Servo Futaba S3003 v6.step
Author: octavi@octavimasia.com
Organization: Unknown
Source System: Autodesk Translation Framework v7.1.0.215

Hardware:
Processor: Intel(R) Core(TM) i7-4710HQ CPU @ 2.50GHz
Operating System: Windows 8
Installed Memory: 7.88 GB

Software Information
Parasolid Version: 30.1.256
PSBodyShop Version: 30.1.94
Step Adapter Version: 4.0.40
Solid Edge Version: 219.00.01.006 x64

Step Import Options
Import Faceted Bodies: On
Import Check Bodies: Off
Import Curves: On
Import DoNotSave: On
Import Multiple Bodies As Single Part File: On
Import Stitch Surfaces: On
Import Boolean Solids: On
Make Base Feature: On
Simplify Geometry: On
Import Imprint Curves: On
Import Drive: C:
Import Stitch Surfaces: On
Import Surfaces: On
Import Output Path: D:\Project\RAPTOR\mechanical\Phoenix\ServoMount\SingleServoMount\FutabaS3003
Import Enable Default Output Path: On
Import Path: 

Translating to Parasolid data types...
Translation process completed
Total time required to translate and post process:00 : 00 : 08
