STEP translation to Solid Edge
Date: Monday,February 11,2019 01:15PM
Source File: E:\All Downloads\Downloads\arduino uno.STEP
Author: A
Organization: Unknown
Source System: SolidWorks 2012

Hardware:
Processor: Intel(R) Core(TM) i7-4710HQ CPU @ 2.50GHz
Operating System: Windows 8
Installed Memory: 11.92 GB

Software Information
Parasolid Version: 30.1.256
PSBodyShop Version: 30.1.94
Step Adapter Version: 4.0.40
Solid Edge Version: 219.00.01.006 x64

Step Import Options
Import Faceted Bodies: On
Import Check Bodies: Off
Import Curves: On
Import DoNotSave: On
Import Multiple Bodies As Single Part File: On
Import Stitch Surfaces: On
Import Boolean Solids: On
Make Base Feature: On
Simplify Geometry: On
Import Imprint Curves: On
Import Drive: C:
Import Stitch Surfaces: On
Import Surfaces: On
Import Output Path: E:\All Downloads\Downloads
Import Enable Default Output Path: On
Import Path: 

Translating to Parasolid data types...
+Begin Assembly: 1
+Created SE Assembly File E:\All Downloads\Downloads\arduino uno.asm
|--+Created SE Part File E:\All Downloads\Downloads\unoboard blue.par
|--+Created SE Part File E:\All Downloads\Downloads\47uf CAP Dcase.par
|--+Begin Assembly: 2
|--+Created SE Assembly File E:\All Downloads\Downloads\USB type b.SLDPRT.asm
|  |--+Created SE Part File E:\All Downloads\Downloads\USB SHELL.par
|  |--+Created SE Part File E:\All Downloads\Downloads\USB core.par
|  |--+Created SE Part File E:\All Downloads\Downloads\usb top contact.par
|  |--+Created SE Part File E:\All Downloads\Downloads\usb btm contact.par
|  |--+Reusing File E:\All Downloads\Downloads\usb btm contact.par
|  |--+Reusing File E:\All Downloads\Downloads\usb top contact.par
|--+Total Parts: 10
|--+Assemblies: 0
|--+Solid Bodies: 10
|--+Sheet Bodies: 0
|--+End Assembly: 2
|--+Created SE Part File E:\All Downloads\Downloads\power jack.par
|--+Reusing File E:\All Downloads\Downloads\47uf CAP Dcase.par
|--+Created SE Part File E:\All Downloads\Downloads\crystal.par
|--+Created SE Part File E:\All Downloads\Downloads\2pin_header__02.par
|--+Created SE Part File E:\All Downloads\Downloads\nano - reg.par
|--+Created SE Part File E:\All Downloads\Downloads\led.par
|--+Reusing File E:\All Downloads\Downloads\2pin_header__02.par
|--+Begin Assembly: 2
|--+Created SE Assembly File E:\All Downloads\Downloads\dip28.asm
|  |--+Created SE Part File E:\All Downloads\Downloads\dip28.par
|  |--+Created SE Part File E:\All Downloads\Downloads\dip socket pin.par
|  |--+Reusing File E:\All Downloads\Downloads\dip socket pin.par
|  |--+Reusing File E:\All Downloads\Downloads\dip socket pin.par
|  |--+Reusing File E:\All Downloads\Downloads\dip socket pin.par
|  |--+Reusing File E:\All Downloads\Downloads\dip socket pin.par
|  |--+Reusing File E:\All Downloads\Downloads\dip socket pin.par
|  |--+Reusing File E:\All Downloads\Downloads\dip socket pin.par
|  |--+Reusing File E:\All Downloads\Downloads\dip socket pin.par
|  |--+Reusing File E:\All Downloads\Downloads\dip socket pin.par
|  |--+Reusing File E:\All Downloads\Downloads\dip socket pin.par
|  |--+Reusing File E:\All Downloads\Downloads\dip socket pin.par
|  |--+Reusing File E:\All Downloads\Downloads\dip socket pin.par
|  |--+Reusing File E:\All Downloads\Downloads\dip socket pin.par
|  |--+Reusing File E:\All Downloads\Downloads\dip socket pin.par
|  |--+Reusing File E:\All Downloads\Downloads\dip socket pin.par
|  |--+Reusing File E:\All Downloads\Downloads\dip socket pin.par
|  |--+Reusing File E:\All Downloads\Downloads\dip socket pin.par
|  |--+Reusing File E:\All Downloads\Downloads\dip socket pin.par
|  |--+Reusing File E:\All Downloads\Downloads\dip socket pin.par
|  |--+Reusing File E:\All Downloads\Downloads\dip socket pin.par
|  |--+Reusing File E:\All Downloads\Downloads\dip socket pin.par
|  |--+Reusing File E:\All Downloads\Downloads\dip socket pin.par
|  |--+Reusing File E:\All Downloads\Downloads\dip socket pin.par
|  |--+Reusing File E:\All Downloads\Downloads\dip socket pin.par
|  |--+Reusing File E:\All Downloads\Downloads\dip socket pin.par
|  |--+Reusing File E:\All Downloads\Downloads\dip socket pin.par
|  |--+Reusing File E:\All Downloads\Downloads\dip socket pin.par
|  |--+Reusing File E:\All Downloads\Downloads\dip socket pin.par
|--+Total Parts: 31
|--+Assemblies: 0
|--+Solid Bodies: 31
|--+Sheet Bodies: 0
|--+End Assembly: 2
|--+Reusing File E:\All Downloads\Downloads\2pin_header__02.par
|--+Reusing File E:\All Downloads\Downloads\2pin_header__02.par
|--+Reusing File E:\All Downloads\Downloads\2pin_header__02.par
|--+Reusing File E:\All Downloads\Downloads\2pin_header__02.par
|--+Created SE Part File E:\All Downloads\Downloads\atmega16u2.par
|--+Reusing File E:\All Downloads\Downloads\led.par
|--+Reusing File E:\All Downloads\Downloads\led.par
|--+Reusing File E:\All Downloads\Downloads\led.par
|--+Created SE Part File E:\All Downloads\Downloads\8 PORT HEADER.par
|--+Reusing File E:\All Downloads\Downloads\8 PORT HEADER.par
|--+Created SE Part File E:\All Downloads\Downloads\6 PORT HEADER.par
|--+Created SE Part File E:\All Downloads\Downloads\10 PORT HEADER.par
|--+Created SE Part File E:\All Downloads\Downloads\ATMEL328P.par
|--+Created SE Part File E:\All Downloads\Downloads\102 RESISTOR PACK.par
|--+Reusing File E:\All Downloads\Downloads\102 RESISTOR PACK.par
|--+Created SE Part File E:\All Downloads\Downloads\103 RESISTOR PACK.par
|--+Created SE Part File E:\All Downloads\Downloads\220 RESISTOR PACK.par
|--+Created SE Part File E:\All Downloads\Downloads\16mhz crystal - measured.par
|--+Created SE Part File E:\All Downloads\Downloads\PADS001.par
|--+Created SE Part File E:\All Downloads\Downloads\603 cap on pad.par
|--+Created SE Part File E:\All Downloads\Downloads\ssot3.par
|--+Created SE Part File E:\All Downloads\Downloads\mf-msmf050-2.par
|--+Reusing File E:\All Downloads\Downloads\603 cap on pad.par
|--+Reusing File E:\All Downloads\Downloads\603 cap on pad.par
|--+Created SE Part File E:\All Downloads\Downloads\lmv358.par
|--+Reusing File E:\All Downloads\Downloads\603 cap on pad.par
|--+Reusing File E:\All Downloads\Downloads\603 cap on pad.par
|--+Reusing File E:\All Downloads\Downloads\603 cap on pad.par
|--+Reusing File E:\All Downloads\Downloads\603 cap on pad.par
|--+Reusing File E:\All Downloads\Downloads\603 cap on pad.par
|--+Created SE Part File E:\All Downloads\Downloads\lp2985dgkr.par
|--+Created SE Part File E:\All Downloads\Downloads\cd1206 diode.par
|--+Reusing File E:\All Downloads\Downloads\cd1206 diode.par
|--+Created SE Part File E:\All Downloads\Downloads\603 resistor.par
|--+Created SE Part File E:\All Downloads\Downloads\blm21.par
|--+Created SE Part File E:\All Downloads\Downloads\m7 diode.par
|--+Created SE Part File E:\All Downloads\Downloads\MLC0603.par
|--+Reusing File E:\All Downloads\Downloads\MLC0603.par
|--+Begin Assembly: 2
|--+Created SE Assembly File E:\All Downloads\Downloads\RESET BUTTON.asm
|  |--+Created SE Part File E:\All Downloads\Downloads\RESET CORE.par
|  |--+Created SE Part File E:\All Downloads\Downloads\RESET.par
|--+Total Parts: 6
|--+Assemblies: 0
|--+Solid Bodies: 6
|--+Sheet Bodies: 0
|--+End Assembly: 2
+Total Parts: 203
+Assemblies: 3
+Solid Bodies: 200
+Sheet Bodies: 0
+End Assembly: 1
Translation process completed
Total time required to translate and post process:00 : 00 : 25
