STEP translation to Solid Edge
Date: Monday,February 11,2019 01:42PM
Source File: E:\UAH\Space Hardware Club\RAPTOR\Electrical\RAPTOR\hardware\RAPTOR\RAPTOR.step
Author: An Author
Organization: A Company
Source System: KiCad to STEP converter

Hardware:
Processor: Intel(R) Core(TM) i7-4710HQ CPU @ 2.50GHz
Operating System: Windows 8
Installed Memory: 11.92 GB

Software Information
Parasolid Version: 30.1.256
PSBodyShop Version: 30.1.94
Step Adapter Version: 4.0.40
Solid Edge Version: 219.00.01.006 x64

Step Import Options
Import Faceted Bodies: On
Import Check Bodies: Off
Import Curves: On
Import DoNotSave: On
Import Multiple Bodies As Single Part File: On
Import Stitch Surfaces: On
Import Boolean Solids: On
Make Base Feature: On
Simplify Geometry: On
Import Imprint Curves: On
Import Drive: C:
Import Stitch Surfaces: On
Import Surfaces: On
Import Output Path: E:\UAH\Space Hardware Club\RAPTOR\Electrical\RAPTOR\hardware\RAPTOR
Import Enable Default Output Path: On
Import Path: 

Translating to Parasolid data types...
+Begin Assembly: 1
+Created SE Assembly File E:\UAH\Space Hardware Club\RAPTOR\Electrical\RAPTOR\hardware\RAPTOR\RAPTOR_0.asm
Bodies: 0
|--+Created SE Part File E:\UAH\Space Hardware Club\RAPTOR\Electrical\RAPTOR\hardware\RAPTOR\Socket_header_Arduino_1x08_0.par
Bodies: 0
Bodies: 0
|--+Created SE Part File E:\UAH\Space Hardware Club\RAPTOR\Electrical\RAPTOR\hardware\RAPTOR\Socket_header_Arduino_1x06_0.par
Bodies: 0
Bodies: 0
|--+Reusing File E:\UAH\Space Hardware Club\RAPTOR\Electrical\RAPTOR\hardware\RAPTOR\Socket_header_Arduino_1x08.par
Bodies: 0
|--+Created SE Part File E:\UAH\Space Hardware Club\RAPTOR\Electrical\RAPTOR\hardware\RAPTOR\Socket_header_Arduino_1x10_0.par
Bodies: 0
|--+Begin Assembly: 2
|--+Created SE Assembly File E:\UAH\Space Hardware Club\RAPTOR\Electrical\RAPTOR\hardware\RAPTOR\R_Axial_DIN0411_L9.9mm_D3.6mm_P12.70mm_Horizontal.asm
|  |--+Created SE Part File E:\UAH\Space Hardware Club\RAPTOR\Electrical\RAPTOR\hardware\RAPTOR\SOLID_1.par
|--+Total Parts: 2
|--+Assemblies: 0
|--+Solid Bodies: 2
|--+Sheet Bodies: 0
|--+End Assembly: 2
|--+Begin Assembly: 2
|--+Reusing File E:\UAH\Space Hardware Club\RAPTOR\Electrical\RAPTOR\hardware\RAPTOR\R_Axial_DIN0411_L9.9mm_D3.6mm_P12.70mm_Horizontal.asm
|--+Total Parts: 0
|--+Assemblies: 0
|--+Solid Bodies: 0
|--+Sheet Bodies: 0
|--+End Assembly: 2
|--+Begin Assembly: 2
|--+Reusing File E:\UAH\Space Hardware Club\RAPTOR\Electrical\RAPTOR\hardware\RAPTOR\R_Axial_DIN0411_L9.9mm_D3.6mm_P12.70mm_Horizontal.asm
|--+Total Parts: 0
|--+Assemblies: 0
|--+Solid Bodies: 0
|--+Sheet Bodies: 0
|--+End Assembly: 2
|--+Begin Assembly: 2
|--+Reusing File E:\UAH\Space Hardware Club\RAPTOR\Electrical\RAPTOR\hardware\RAPTOR\R_Axial_DIN0411_L9.9mm_D3.6mm_P12.70mm_Horizontal.asm
|--+Total Parts: 0
|--+Assemblies: 0
|--+Solid Bodies: 0
|--+Sheet Bodies: 0
|--+End Assembly: 2
|--+Begin Assembly: 2
|--+Reusing File E:\UAH\Space Hardware Club\RAPTOR\Electrical\RAPTOR\hardware\RAPTOR\R_Axial_DIN0411_L9.9mm_D3.6mm_P12.70mm_Horizontal.asm
|--+Total Parts: 0
|--+Assemblies: 0
|--+Solid Bodies: 0
|--+Sheet Bodies: 0
|--+End Assembly: 2
|--+Begin Assembly: 2
|--+Reusing File E:\UAH\Space Hardware Club\RAPTOR\Electrical\RAPTOR\hardware\RAPTOR\R_Axial_DIN0411_L9.9mm_D3.6mm_P12.70mm_Horizontal.asm
|--+Total Parts: 0
|--+Assemblies: 0
|--+Solid Bodies: 0
|--+Sheet Bodies: 0
|--+End Assembly: 2
|--+Begin Assembly: 2
|--+Reusing File E:\UAH\Space Hardware Club\RAPTOR\Electrical\RAPTOR\hardware\RAPTOR\R_Axial_DIN0411_L9.9mm_D3.6mm_P12.70mm_Horizontal.asm
|--+Total Parts: 0
|--+Assemblies: 0
|--+Solid Bodies: 0
|--+Sheet Bodies: 0
|--+End Assembly: 2
|--+Begin Assembly: 2
|--+Reusing File E:\UAH\Space Hardware Club\RAPTOR\Electrical\RAPTOR\hardware\RAPTOR\R_Axial_DIN0411_L9.9mm_D3.6mm_P12.70mm_Horizontal.asm
|--+Total Parts: 0
|--+Assemblies: 0
|--+Solid Bodies: 0
|--+Sheet Bodies: 0
|--+End Assembly: 2
|--+Created SE Part File E:\UAH\Space Hardware Club\RAPTOR\Electrical\RAPTOR\hardware\RAPTOR\COMPOUND_0.par
+Total Parts: 3
+Assemblies: 1
+Solid Bodies: 2
+Sheet Bodies: 0
+End Assembly: 1
Translation process completed
Total time required to translate and post process:00 : 00 : 01
